<?xml version="1.0" encoding="UTF-8"?>
<testng-results skipped="0" failed="0" total="1" passed="1">
  <reporter-output>
  </reporter-output>
  <suite name="Default suite" duration-ms="3632" started-at="2020-01-13T03:20:04Z" finished-at="2020-01-13T03:20:07Z">
    <groups>
    </groups>
    <test name="Default test" duration-ms="3632" started-at="2020-01-13T03:20:04Z" finished-at="2020-01-13T03:20:07Z">
      <class name="com.api.GET.WeatherValidationGet">
        <test-method status="PASS" signature="validateWeather()[pri:0, instance:com.api.GET.WeatherValidationGet@2b98378d]" name="validateWeather" duration-ms="3600" started-at="2020-01-13T08:50:04Z" finished-at="2020-01-13T08:50:07Z">
          <reporter-output>
          </reporter-output>
        </test-method> <!-- validateWeather -->
      </class> <!-- com.api.GET.WeatherValidationGet -->
    </test> <!-- Default test -->
  </suite> <!-- Default suite -->
</testng-results>
